<?xml version="1.0" encoding="UTF-8"?>
<!-- Generated by org.testng.reporters.JUnitXMLReporter -->
<testsuite ignored="0" hostname="Sudharshan" failures="1" tests="15" name="Test" time="44.275" errors="0" timestamp="2025-09-07T18:31:29 IST">
  <testcase classname="testcases.E2ETest" name="verifyInvalidLogin" time="12.865"/>
  <testcase classname="testcases.E2ETest" name="verifyLoginPage" time="10.061">
    <failure type="org.openqa.selenium.TimeoutException" message="Expected condition failed: waiting for element to be clickable: By.id: signin (tried for 10 second(s) with 500 milliseconds interval)
Build info: version: &amp;apos;4.11.0&amp;apos;, revision: &amp;apos;040bc5406b&amp;apos;
System info: os.name: &amp;apos;Windows 11&amp;apos;, os.arch: &amp;apos;amd64&amp;apos;, os.version: &amp;apos;10.0&amp;apos;, java.version: &amp;apos;21.0.7&amp;apos;
Driver info: org.openqa.selenium.chrome.ChromeDriver
Capabilities {acceptInsecureCerts: false, browserName: chrome, browserVersion: 140.0.7339.80, chrome: {chromedriverVersion: 140.0.7339.80 (670b6f192f46..., userDataDir: C:\Users\SUDHAR~1\AppData\L...}, fedcm:accounts: true, goog:chromeOptions: {debuggerAddress: localhost:62109}, networkConnectionEnabled: false, pageLoadStrategy: normal, platformName: windows, proxy: Proxy(), se:cdp: ws://localhost:62109/devtoo..., se:cdpVersion: 140.0.7339.80, setWindowRect: true, strictFileInteractability: false, timeouts: {implicit: 0, pageLoad: 300000, script: 30000}, unhandledPromptBehavior: dismiss and notify, webauthn:extension:credBlob: true, webauthn:extension:largeBlob: true, webauthn:extension:minPinLength: true, webauthn:extension:prf: true, webauthn:virtualAuthenticators: true}
Session ID: d1328ac03ed8dc6b8a54c4a3564515b1">
      <![CDATA[org.openqa.selenium.TimeoutException: Expected condition failed: waiting for element to be clickable: By.id: signin (tried for 10 second(s) with 500 milliseconds interval)
Build info: version: '4.11.0', revision: '040bc5406b'
System info: os.name: 'Windows 11', os.arch: 'amd64', os.version: '10.0', java.version: '21.0.7'
Driver info: org.openqa.selenium.chrome.ChromeDriver
Capabilities {acceptInsecureCerts: false, browserName: chrome, browserVersion: 140.0.7339.80, chrome: {chromedriverVersion: 140.0.7339.80 (670b6f192f46..., userDataDir: C:\Users\SUDHAR~1\AppData\L...}, fedcm:accounts: true, goog:chromeOptions: {debuggerAddress: localhost:62109}, networkConnectionEnabled: false, pageLoadStrategy: normal, platformName: windows, proxy: Proxy(), se:cdp: ws://localhost:62109/devtoo..., se:cdpVersion: 140.0.7339.80, setWindowRect: true, strictFileInteractability: false, timeouts: {implicit: 0, pageLoad: 300000, script: 30000}, unhandledPromptBehavior: dismiss and notify, webauthn:extension:credBlob: true, webauthn:extension:largeBlob: true, webauthn:extension:minPinLength: true, webauthn:extension:prf: true, webauthn:virtualAuthenticators: true}
Session ID: d1328ac03ed8dc6b8a54c4a3564515b1
at org.openqa.selenium.support.ui.WebDriverWait.timeoutException(WebDriverWait.java:84)
at org.openqa.selenium.support.ui.FluentWait.until(FluentWait.java:230)
at utils.TestUtil.safeClick(TestUtil.java:24)
at pages.LoginActions.openSigninPanel(LoginActions.java:21)
at testcases.E2ETest.verifyLoginPage(E2ETest.java:44)
at java.base/java.util.ArrayList.forEach(ArrayList.java:1596)
... Removed 25 stack frames]]>
    </failure>
  </testcase> <!-- verifyLoginPage -->
  <testcase classname="testcases.E2ETest" name="verifySortLowestToHighest" time="0.0">
    <skipped/>
  </testcase> <!-- verifySortLowestToHighest -->
  <testcase classname="testcases.E2ETest" name="verifySortHighestToLowest" time="0.0">
    <skipped/>
  </testcase> <!-- verifySortHighestToLowest -->
  <testcase classname="testcases.E2ETest" name="verifyGoogleFilter" time="0.0">
    <skipped/>
  </testcase> <!-- verifyGoogleFilter -->
  <testcase classname="testcases.E2ETest" name="verifyAddPixel4" time="0.0">
    <skipped/>
  </testcase> <!-- verifyAddPixel4 -->
  <testcase classname="testcases.E2ETest" name="verifyIncreaseQuantity" time="0.0">
    <skipped/>
  </testcase> <!-- verifyIncreaseQuantity -->
  <testcase classname="testcases.E2ETest" name="verifyCloseCart" time="0.0">
    <skipped/>
  </testcase> <!-- verifyCloseCart -->
  <testcase classname="testcases.E2ETest" name="verifyAddPixel3" time="0.001">
    <skipped/>
  </testcase> <!-- verifyAddPixel3 -->
  <testcase classname="testcases.E2ETest" name="verifyCheckoutStart" time="0.0">
    <skipped/>
  </testcase> <!-- verifyCheckoutStart -->
  <testcase classname="testcases.E2ETest" name="verifyAddressEntry" time="0.0">
    <skipped/>
  </testcase> <!-- verifyAddressEntry -->
  <testcase classname="testcases.E2ETest" name="verifyReceiptDownload" time="0.0">
    <skipped/>
  </testcase> <!-- verifyReceiptDownload -->
  <testcase classname="testcases.E2ETest" name="verifyContinueShopping" time="0.0">
    <skipped/>
  </testcase> <!-- verifyContinueShopping -->
  <testcase classname="testcases.E2ETest" name="verifyAddPixel4ToFavourites" time="0.0">
    <skipped/>
  </testcase> <!-- verifyAddPixel4ToFavourites -->
  <testcase classname="testcases.E2ETest" name="verifyLogout" time="0.0">
    <skipped/>
  </testcase> <!-- verifyLogout -->
</testsuite> <!-- Test -->
