[{"line":1,"elements":[{"start_timestamp":"2025-09-07T14:23:17.336Z","before":[{"result":{"duration":1986957500,"status":"passed"},"match":{"location":"stepDefinitions.Hooks.setUp()"}}],"line":3,"name":"Invalid user logs in","description":"","id":"login-functionality;invalid-user-logs-in","after":[{"result":{"duration":301332200,"status":"passed"},"match":{"location":"stepDefinitions.Hooks.tearDown()"}}],"type":"scenario","keyword":"Scenario","steps":[{"result":{"error_message":"org.openqa.selenium.TimeoutException: Expected condition failed: waiting for element to be clickable: By.id: login-btn (tried for 10 second(s) with 500 milliseconds interval)\nBuild info: version: '4.11.0', revision: '040bc5406b'\nSystem info: os.name: 'Windows 11', os.arch: 'amd64', os.version: '10.0', java.version: '21.0.7'\nDriver info: org.openqa.selenium.chrome.ChromeDriver\nCapabilities {acceptInsecureCerts: false, browserName: chrome, browserVersion: 140.0.7339.80, chrome: {chromedriverVersion: 139.0.7258.68 (40ff94600b6e..., userDataDir: C:\\Users\\SUDHAR~1\\AppData\\L...}, fedcm:accounts: true, goog:chromeOptions: {debuggerAddress: localhost:62857}, networkConnectionEnabled: false, pageLoadStrategy: normal, platformName: windows, proxy: Proxy(), se:cdp: ws://localhost:62857/devtoo..., se:cdpVersion: 140.0.7339.80, setWindowRect: true, strictFileInteractability: false, timeouts: {implicit: 0, pageLoad: 300000, script: 30000}, unhandledPromptBehavior: dismiss and notify, webauthn:extension:credBlob: true, webauthn:extension:largeBlob: true, webauthn:extension:minPinLength: true, webauthn:extension:prf: true, webauthn:virtualAuthenticators: true}\nSession ID: 55324625d945747c6e1cabc352fc2e87\r\n\tat org.openqa.selenium.support.ui.WebDriverWait.timeoutException(WebDriverWait.java:84)\r\n\tat org.openqa.selenium.support.ui.FluentWait.until(FluentWait.java:230)\r\n\tat utils.TestUtil.safeClick(TestUtil.java:24)\r\n\tat pages.LoginActions.openSigninPanel(LoginActions.java:21)\r\n\tat stepDefinitions.LoginSteps.the_user_enters_username_and_password(LoginSteps.java:15)\r\n\tat ✽.the user enters username \"wrong\" and password \"wrong\"(file:///C:/Users/Sudharshan%20G%20K/Desktop/FinalCapstoneProject/bstackdemo/src/test/resources/features/Login.feature:4)\r\n","duration":10391461900,"status":"failed"},"line":4,"name":"the user enters username \"wrong\" and password \"wrong\"","match":{"arguments":[{"val":"\"wrong\"","offset":25},{"val":"\"wrong\"","offset":46}],"location":"stepDefinitions.LoginSteps.the_user_enters_username_and_password(java.lang.String,java.lang.String)"},"keyword":"Given "},{"result":{"status":"skipped"},"line":5,"name":"the user logs in","match":{"location":"stepDefinitions.LoginSteps.the_user_logs_in()"},"keyword":"When "},{"result":{"status":"skipped"},"line":6,"name":"the user should not be logged in","match":{"location":"stepDefinitions.LoginSteps.the_user_should_not_be_logged_in()"},"keyword":"Then "}]},{"start_timestamp":"2025-09-07T14:23:30.050Z","before":[{"result":{"duration":804782600,"status":"passed"},"match":{"location":"stepDefinitions.Hooks.setUp()"}}],"line":8,"name":"Valid user logs in","description":"","id":"login-functionality;valid-user-logs-in","after":[{"result":{"duration":228324900,"status":"passed"},"match":{"location":"stepDefinitions.Hooks.tearDown()"}}],"type":"scenario","keyword":"Scenario","steps":[{"result":{"error_message":"org.openqa.selenium.TimeoutException: Expected condition failed: waiting for element to be clickable: By.id: login-btn (tried for 10 second(s) with 500 milliseconds interval)\nBuild info: version: '4.11.0', revision: '040bc5406b'\nSystem info: os.name: 'Windows 11', os.arch: 'amd64', os.version: '10.0', java.version: '21.0.7'\nDriver info: org.openqa.selenium.chrome.ChromeDriver\nCapabilities {acceptInsecureCerts: false, browserName: chrome, browserVersion: 140.0.7339.80, chrome: {chromedriverVersion: 139.0.7258.68 (40ff94600b6e..., userDataDir: C:\\Users\\SUDHAR~1\\AppData\\L...}, fedcm:accounts: true, goog:chromeOptions: {debuggerAddress: localhost:62879}, networkConnectionEnabled: false, pageLoadStrategy: normal, platformName: windows, proxy: Proxy(), se:cdp: ws://localhost:62879/devtoo..., se:cdpVersion: 140.0.7339.80, setWindowRect: true, strictFileInteractability: false, timeouts: {implicit: 0, pageLoad: 300000, script: 30000}, unhandledPromptBehavior: dismiss and notify, webauthn:extension:credBlob: true, webauthn:extension:largeBlob: true, webauthn:extension:minPinLength: true, webauthn:extension:prf: true, webauthn:virtualAuthenticators: true}\nSession ID: 2d048c3ce1b1d49cdcb8c6e75c552c51\r\n\tat org.openqa.selenium.support.ui.WebDriverWait.timeoutException(WebDriverWait.java:84)\r\n\tat org.openqa.selenium.support.ui.FluentWait.until(FluentWait.java:230)\r\n\tat utils.TestUtil.safeClick(TestUtil.java:24)\r\n\tat pages.LoginActions.openSigninPanel(LoginActions.java:21)\r\n\tat stepDefinitions.LoginSteps.the_user_enters_username_and_password(LoginSteps.java:15)\r\n\tat ✽.the user enters username \"demouser\" and password \"testingisfun99\"(file:///C:/Users/Sudharshan%20G%20K/Desktop/FinalCapstoneProject/bstackdemo/src/test/resources/features/Login.feature:9)\r\n","duration":10436391400,"status":"failed"},"line":9,"name":"the user enters username \"demouser\" and password \"testingisfun99\"","match":{"arguments":[{"val":"\"demouser\"","offset":25},{"val":"\"testingisfun99\"","offset":49}],"location":"stepDefinitions.LoginSteps.the_user_enters_username_and_password(java.lang.String,java.lang.String)"},"keyword":"Given "},{"result":{"status":"skipped"},"line":10,"name":"the user logs in","match":{"location":"stepDefinitions.LoginSteps.the_user_logs_in()"},"keyword":"When "},{"result":{"duration":1000900,"status":"skipped"},"line":11,"name":"the user should be logged in successfully","match":{"location":"stepDefinitions.LoginSteps.the_user_should_be_logged_in_successfully()"},"keyword":"Then "}]}],"name":"Login Functionality","description":"","id":"login-functionality","keyword":"Feature","uri":"file:src/test/resources/features/Login.feature","tags":[]}]